#
# There is insufficient memory for the Java Runtime Environment to continue.
# Native memory allocation (mmap) failed to map 536870912 bytes. Error detail: G1 virtual space
# Possible reasons:
#   The system is out of physical RAM or swap space
#   This process is running with CompressedOops enabled, and the Java Heap may be blocking the growth of the native heap
# Possible solutions:
#   Reduce memory load on the system
#   Increase physical memory or swap space
#   Check if swap backing store is full
#   Decrease Java heap size (-Xmx/-Xms)
#   Decrease number of Java threads
#   Decrease Java thread stack sizes (-Xss)
#   Set larger code cache with -XX:ReservedCodeCacheSize=
#   JVM is running with Zero Based Compressed Oops mode in which the Java heap is
#     placed in the first 32GB address space. The Java Heap base address is the
#     maximum limit for the native heap growth. Please use -XX:HeapBaseMinAddress
#     to set the Java Heap base and to place the Java Heap above 32GB virtual address.
# This output file may be truncated or incomplete.
#
#  Out of Memory Error (os_windows.cpp:3613), pid=2756, tid=18780
#
# JRE version:  (17.0.11+9) (build )
# Java VM: OpenJDK 64-Bit Server VM (17.0.11+9, mixed mode, sharing, tiered, compressed oops, compressed class ptrs, g1 gc, windows-amd64)
# No core dump will be written. Minidumps are not enabled by default on client versions of Windows
#

---------------  S U M M A R Y ------------

Command Line: -Dfile.encoding=UTF-8 -Dstdout.encoding=UTF-8 -Dstderr.encoding=UTF-8 -XX:+ShowCodeDetailsInExceptionMessages kiosk.Main

Host: Intel(R) Core(TM) i5-9400F CPU @ 2.90GHz, 6 cores, 31G,  Windows 10 , 64 bit Build 19041 (10.0.19041.3636)
Time: Tue May 28 14:53:24 2024  Windows 10 , 64 bit Build 19041 (10.0.19041.3636) elapsed time: 0.421420 seconds (0d 0h 0m 0s)

---------------  T H R E A D  ---------------

Current thread (0x0000028cfad7ca50):  JavaThread "Unknown thread" [_thread_in_vm, id=18780, stack(0x000000ff0d500000,0x000000ff0d600000)]

Stack: [0x000000ff0d500000,0x000000ff0d600000]
Native frames: (J=compiled Java code, j=interpreted, Vv=VM code, C=native code)
V  [jvm.dll+0x67d429]
V  [jvm.dll+0x834b7a]
V  [jvm.dll+0x83663e]
V  [jvm.dll+0x836ca3]
V  [jvm.dll+0x247dbf]
V  [jvm.dll+0x67a269]
V  [jvm.dll+0x66ecda]
V  [jvm.dll+0x30797b]
V  [jvm.dll+0x30ee26]
V  [jvm.dll+0x35e80e]
V  [jvm.dll+0x35ea3f]
V  [jvm.dll+0x2de6b8]
V  [jvm.dll+0x2df624]
V  [jvm.dll+0x806531]
V  [jvm.dll+0x36c561]
V  [jvm.dll+0x7e4f56]
V  [jvm.dll+0x3efdcf]
V  [jvm.dll+0x3f1921]
C  [jli.dll+0x528f]
C  [ucrtbase.dll+0x21bb2]
C  [KERNEL32.DLL+0x17344]
C  [ntdll.dll+0x526b1]


---------------  P R O C E S S  ---------------

Threads class SMR info:
_java_thread_list=0x00007ffc832eeed8, length=0, elements={
}

Java Threads: ( => current thread )

Other Threads:
  0x0000028cfae28f60 GCTaskThread "GC Thread#0" [stack: 0x000000ff0d600000,0x000000ff0d700000] [id=16732]
  0x0000028cfae3ae50 ConcurrentGCThread "G1 Main Marker" [stack: 0x000000ff0d700000,0x000000ff0d800000] [id=18736]
  0x0000028cfae3c010 ConcurrentGCThread "G1 Conc#0" [stack: 0x000000ff0d800000,0x000000ff0d900000] [id=17696]

[error occurred during error reporting (printing all threads), id 0xc0000005, EXCEPTION_ACCESS_VIOLATION (0xc0000005) at pc=0x00007ffc82aaf0f7]

VM state: not at safepoint (not fully initialized)

VM Mutex/Monitor currently owned by a thread:  ([mutex/lock_event])
[0x0000028cfad77c30] Heap_lock - owner thread: 0x0000028cfad7ca50

Heap address: 0x0000000600c00000, size: 8180 MB, Compressed Oops mode: Zero based, Oop shift amount: 3

CDS archive(s) mapped at: [0x0000000000000000-0x0000000000000000-0x0000000000000000), size 0, SharedBaseAddress: 0x0000000800000000, ArchiveRelocationMode: 1.
Narrow klass base: 0x0000000000000000, Narrow klass shift: 0, Narrow klass range: 0x0

GC Precious Log:
<Empty>

Heap:
 garbage-first heap   total 0K, used 0K [0x0000000600c00000, 0x0000000800000000)
  region size 4096K, 0 young (0K), 0 survivors (0K)

[error occurred during error reporting (printing heap information), id 0xc0000005, EXCEPTION_ACCESS_VIOLATION (0xc0000005) at pc=0x00007ffc82e970c9]

GC Heap History (0 events):
No events

Dll operation events (1 events):
Event: 0.004 Loaded shared library C:\Program Files\Eclipse Adoptium\jre-17.0.11.9-hotspot\bin\java.dll

Deoptimization events (0 events):
No events

Classes unloaded (0 events):
No events

Classes redefined (0 events):
No events

Internal exceptions (0 events):
No events

VM Operations (0 events):
No events

Events (0 events):
No events


Dynamic libraries:
0x00007ff794220000 - 0x00007ff79422e000 	C:\Program Files\Eclipse Adoptium\jre-17.0.11.9-hotspot\bin\javaw.exe
0x00007ffcd47f0000 - 0x00007ffcd49e8000 	C:\Windows\SYSTEM32\ntdll.dll
0x00007ffcd3820000 - 0x00007ffcd38dd000 	C:\Windows\System32\KERNEL32.DLL
0x00007ffcd2140000 - 0x00007ffcd2436000 	C:\Windows\System32\KERNELBASE.dll
0x00007ffcd2440000 - 0x00007ffcd2540000 	C:\Windows\System32\ucrtbase.dll
0x00007ffcbf990000 - 0x00007ffcbf9a7000 	C:\Program Files\Eclipse Adoptium\jre-17.0.11.9-hotspot\bin\jli.dll
0x00007ffcd2aa0000 - 0x00007ffcd2c3f000 	C:\Windows\System32\USER32.dll
0x00007ffcd27f0000 - 0x00007ffcd2812000 	C:\Windows\System32\win32u.dll
0x00007ffcd3fb0000 - 0x00007ffcd3fdb000 	C:\Windows\System32\GDI32.dll
0x00007ffcd2020000 - 0x00007ffcd2137000 	C:\Windows\System32\gdi32full.dll
0x00007ffcd1f30000 - 0x00007ffcd1fcd000 	C:\Windows\System32\msvcp_win.dll
0x00007ffcc5d30000 - 0x00007ffcc5fca000 	C:\Windows\WinSxS\amd64_microsoft.windows.common-controls_6595b64144ccf1df_6.0.19041.4355_none_60b8b9eb71f62e16\COMCTL32.dll
0x00007ffcd38e0000 - 0x00007ffcd397e000 	C:\Windows\System32\msvcrt.dll
0x00007ffcc16a0000 - 0x00007ffcc16bb000 	C:\Program Files\Eclipse Adoptium\jre-17.0.11.9-hotspot\bin\VCRUNTIME140.dll
0x00007ffcd3f70000 - 0x00007ffcd3fa2000 	C:\Windows\System32\IMM32.DLL
0x00007ffccd430000 - 0x00007ffccd43c000 	C:\Program Files\Eclipse Adoptium\jre-17.0.11.9-hotspot\bin\vcruntime140_1.dll
0x00007ffca6000000 - 0x00007ffca608d000 	C:\Program Files\Eclipse Adoptium\jre-17.0.11.9-hotspot\bin\msvcp140.dll
0x00007ffc827c0000 - 0x00007ffc83422000 	C:\Program Files\Eclipse Adoptium\jre-17.0.11.9-hotspot\bin\server\jvm.dll
0x00007ffcd3540000 - 0x00007ffcd35f0000 	C:\Windows\System32\ADVAPI32.dll
0x00007ffcd3410000 - 0x00007ffcd34b0000 	C:\Windows\System32\sechost.dll
0x00007ffcd44b0000 - 0x00007ffcd45d3000 	C:\Windows\System32\RPCRT4.dll
0x00007ffcd2540000 - 0x00007ffcd2567000 	C:\Windows\System32\bcrypt.dll
0x00007ffcd13d0000 - 0x00007ffcd141b000 	C:\Windows\SYSTEM32\POWRPROF.dll
0x00007ffcc3930000 - 0x00007ffcc3939000 	C:\Windows\SYSTEM32\WSOCK32.dll
0x00007ffcd37a0000 - 0x00007ffcd380b000 	C:\Windows\System32\WS2_32.dll
0x00007ffcc0bd0000 - 0x00007ffcc0bf7000 	C:\Windows\SYSTEM32\WINMM.dll
0x00007ffcccff0000 - 0x00007ffcccffa000 	C:\Windows\SYSTEM32\VERSION.dll
0x00007ffcd1290000 - 0x00007ffcd12a2000 	C:\Windows\SYSTEM32\UMPDC.dll
0x00007ffccfd40000 - 0x00007ffccfd52000 	C:\Windows\SYSTEM32\kernel.appcore.dll
0x00007ffccb200000 - 0x00007ffccb20a000 	C:\Program Files\Eclipse Adoptium\jre-17.0.11.9-hotspot\bin\jimage.dll
0x00007ffccc780000 - 0x00007ffccc964000 	C:\Windows\SYSTEM32\DBGHELP.DLL
0x00007ffccc480000 - 0x00007ffccc4b4000 	C:\Windows\SYSTEM32\dbgcore.DLL
0x00007ffcd1ea0000 - 0x00007ffcd1f22000 	C:\Windows\System32\bcryptPrimitives.dll
0x00007ffcbbd10000 - 0x00007ffcbbd35000 	C:\Program Files\Eclipse Adoptium\jre-17.0.11.9-hotspot\bin\java.dll

dbghelp: loaded successfully - version: 4.0.5 - missing functions: none
symbol engine: initialized successfully - sym options: 0x614 - pdb path: .;C:\Program Files\Eclipse Adoptium\jre-17.0.11.9-hotspot\bin;C:\Windows\SYSTEM32;C:\Windows\WinSxS\amd64_microsoft.windows.common-controls_6595b64144ccf1df_6.0.19041.4355_none_60b8b9eb71f62e16;C:\Program Files\Eclipse Adoptium\jre-17.0.11.9-hotspot\bin\server

VM Arguments:
jvm_args: -Dfile.encoding=UTF-8 -Dstdout.encoding=UTF-8 -Dstderr.encoding=UTF-8 -XX:+ShowCodeDetailsInExceptionMessages 
java_command: kiosk.Main
java_class_path (initial): C:\JAVA_LAB\JavaMiniProject\bin
Launcher Type: SUN_STANDARD

[Global flags]
     intx CICompilerCount                          = 3                                         {product} {ergonomic}
     uint ConcGCThreads                            = 2                                         {product} {ergonomic}
     uint G1ConcRefinementThreads                  = 6                                         {product} {ergonomic}
   size_t G1HeapRegionSize                         = 4194304                                   {product} {ergonomic}
    uintx GCDrainStackTargetSize                   = 64                                        {product} {ergonomic}
   size_t InitialHeapSize                          = 536870912                                 {product} {ergonomic}
   size_t MarkStackSize                            = 4194304                                   {product} {ergonomic}
   size_t MaxHeapSize                              = 8577351680                                {product} {ergonomic}
   size_t MinHeapDeltaBytes                        = 4194304                                   {product} {ergonomic}
   size_t MinHeapSize                              = 8388608                                   {product} {ergonomic}
    uintx NonNMethodCodeHeapSize                   = 5832780                                {pd product} {ergonomic}
    uintx NonProfiledCodeHeapSize                  = 122912730                              {pd product} {ergonomic}
    uintx ProfiledCodeHeapSize                     = 122912730                              {pd product} {ergonomic}
    uintx ReservedCodeCacheSize                    = 251658240                              {pd product} {ergonomic}
     bool SegmentedCodeCache                       = true                                      {product} {ergonomic}
     bool ShowCodeDetailsInExceptionMessages       = true                                   {manageable} {command line}
   size_t SoftMaxHeapSize                          = 8577351680                             {manageable} {ergonomic}
     bool UseCompressedClassPointers               = true                           {product lp64_product} {ergonomic}
     bool UseCompressedOops                        = true                           {product lp64_product} {ergonomic}
     bool UseG1GC                                  = true                                      {product} {ergonomic}
     bool UseLargePagesIndividualAllocation        = false                                  {pd product} {ergonomic}

Logging:
Log output configuration:
 #0: stdout all=warning uptime,level,tags
 #1: stderr all=off uptime,level,tags

Environment Variables:
JAVA_HOME=C:\Program Files\Eclipse Adoptium\jdk-17.0.11.9-hotspot\
PATH=C:/Program Files/Eclipse Adoptium/jdk-17.0.11.9-hotspot/bin/server;C:/Program Files/Eclipse Adoptium/jdk-17.0.11.9-hotspot/bin;C:\Program Files\Eclipse Adoptium\jre-17.0.11.9-hotspot\bin;C:\Program Files\Eclipse Adoptium\jdk-17.0.11.9-hotspot\bin;C:\Windows\system32;C:\Windows;C:\Windows\System32\Wbem;C:\Windows\System32\WindowsPowerShell\v1.0\;C:\Windows\System32\OpenSSH\;C:\Users\kosmo\AppData\Local\Microsoft\WindowsApps;;C:\Users\kosmo\eclipse\java-2024-03\eclipse;
USERNAME=kosmo
OS=Windows_NT
PROCESSOR_IDENTIFIER=Intel64 Family 6 Model 158 Stepping 13, GenuineIntel
TMP=C:\Users\kosmo\AppData\Local\Temp
TEMP=C:\Users\kosmo\AppData\Local\Temp



Periodic native trim disabled


---------------  S Y S T E M  ---------------

OS:
 Windows 10 , 64 bit Build 19041 (10.0.19041.3636)
OS uptime: 12 days 15:13 hours

CPU: total 6 (initial active 6) (6 cores per cpu, 1 threads per core) family 6 model 158 stepping 13 microcode 0xb8, cx8, cmov, fxsr, mmx, 3dnowpref, sse, sse2, sse3, ssse3, sse4.1, sse4.2, popcnt, lzcnt, tsc, tscinvbit, avx, avx2, aes, erms, clmul, bmi1, bmi2, adx, fma, vzeroupper, clflush, clflushopt
Processor Information for all 6 processors :
  Max Mhz: 2904, Current Mhz: 2904, Mhz Limit: 2904

Memory: 4k page, system-wide physical 32712M (24804M free)
TotalPageFile size 61247M (AvailPageFile size 21M)
current process WorkingSet (physical memory assigned to process): 10M, peak: 10M
current process commit charge ("private bytes"): 56M, peak: 568M

vm_info: OpenJDK 64-Bit Server VM (17.0.11+9) for windows-amd64 JRE (17.0.11+9), built on Apr 17 2024 06:07:48 by "admin" with MS VC++ 16.10 / 16.11 (VS2019)

END.
